<?xml version="1.0" encoding="UTF-8"?>
<!-- Generated by org.testng.reporters.JUnitReportReporter -->
<testsuite hostname="HarshT" failures="0" tests="3" name="TestCases.QaMaxTestcase" time="41.003" errors="0" timestamp="2022-05-15T21:25:36 CDT" skipped="0">
  <testcase classname="TestCases.QaMaxTestcase" name="LoginTest" time="10.331"/>
  <system-out/>
  <testcase classname="TestCases.QaMaxTestcase" name="HomepageOptions" time="14.074"/>
  <system-out/>
  <testcase classname="TestCases.QaMaxTestcase" name="CheckoutItems" time="16.598"/>
  <system-out/>
</testsuite> <!-- TestCases.QaMaxTestcase -->
