<?xml version="1.0" encoding="UTF-8"?>
<!-- Generated by org.testng.reporters.JUnitReportReporter -->
<testsuite hostname="HarshT" failures="0" tests="4" name="Digiboxautomation.createfolder" time="84.306" errors="0" timestamp="2022-06-02T13:13:48 CDT" skipped="0">
  <testcase classname="Digiboxautomation.createfolder" name="openDigiboxx" time="9.710"/>
  <system-out/>
  <testcase classname="Digiboxautomation.createfolder" name="LoginIntoDigibox" time="14.045"/>
  <system-out/>
  <testcase classname="Digiboxautomation.createfolder" name="createfolder" time="36.530"/>
  <system-out/>
  <testcase classname="Digiboxautomation.createfolder" name="filterfile" time="24.021"/>
  <system-out/>
</testsuite> <!-- Digiboxautomation.createfolder -->
